Build started 12/21/2017 9:14:04 AM.
     1>Project "E:\GOC HOC TAP\Cong Nghe Thong Tin\Ngon ngu lap trinh\C\tren truong\struct\struct\struct.vcxproj" on node 2 (build target(s)).
     1>InitializeBuildStatus:
         Creating "Debug\struct.unsuccessfulbuild" because "AlwaysCreate" was specified.
       ClCompile:
         C:\Program Files (x86)\Microsoft Visual Studio 10.0\VC\bin\CL.exe /c /ZI /nologo /W3 /WX- /Od /Oy- /D _MBCS /Gm /EHsc /RTC1 /MDd /GS /fp:precise /Zc:wchar_t /Zc:forScope /Fo"Debug\\" /Fd"Debug\vc100.pdb" /Gd /TP /analyze- /errorReport:prompt struct.cpp
         struct.cpp
     1>e:\goc hoc tap\cong nghe thong tin\ngon ngu lap trinh\c\tren truong\struct\struct\struct.cpp(10): warning C4091: 'typedef ' : ignored on left of 'dssv' when no variable is declared
     1>e:\goc hoc tap\cong nghe thong tin\ngon ngu lap trinh\c\tren truong\struct\struct\struct.cpp(17): warning C4996: 'scanf': This function or variable may be unsafe. Consider using scanf_s instead. To disable deprecation, use _CRT_SECURE_NO_WARNINGS. See online help for details.
                 c:\program files (x86)\microsoft visual studio 10.0\vc\include\stdio.h(304) : see declaration of 'scanf'
     1>e:\goc hoc tap\cong nghe thong tin\ngon ngu lap trinh\c\tren truong\struct\struct\struct.cpp(22): warning C4996: 'gets': This function or variable may be unsafe. Consider using gets_s instead. To disable deprecation, use _CRT_SECURE_NO_WARNINGS. See online help for details.
                 c:\program files (x86)\microsoft visual studio 10.0\vc\include\stdio.h(277) : see declaration of 'gets'
     1>e:\goc hoc tap\cong nghe thong tin\ngon ngu lap trinh\c\tren truong\struct\struct\struct.cpp(23): warning C4996: 'scanf': This function or variable may be unsafe. Consider using scanf_s instead. To disable deprecation, use _CRT_SECURE_NO_WARNINGS. See online help for details.
                 c:\program files (x86)\microsoft visual studio 10.0\vc\include\stdio.h(304) : see declaration of 'scanf'
     1>e:\goc hoc tap\cong nghe thong tin\ngon ngu lap trinh\c\tren truong\struct\struct\struct.cpp(24): warning C4996: 'scanf': This function or variable may be unsafe. Consider using scanf_s instead. To disable deprecation, use _CRT_SECURE_NO_WARNINGS. See online help for details.
                 c:\program files (x86)\microsoft visual studio 10.0\vc\include\stdio.h(304) : see declaration of 'scanf'
     1>e:\goc hoc tap\cong nghe thong tin\ngon ngu lap trinh\c\tren truong\struct\struct\struct.cpp(25): warning C4996: 'scanf': This function or variable may be unsafe. Consider using scanf_s instead. To disable deprecation, use _CRT_SECURE_NO_WARNINGS. See online help for details.
                 c:\program files (x86)\microsoft visual studio 10.0\vc\include\stdio.h(304) : see declaration of 'scanf'
     1>e:\goc hoc tap\cong nghe thong tin\ngon ngu lap trinh\c\tren truong\struct\struct\struct.cpp(38): warning C4996: 'getch': The POSIX name for this item is deprecated. Instead, use the ISO C++ conformant name: _getch. See online help for details.
                 c:\program files (x86)\microsoft visual studio 10.0\vc\include\conio.h(128) : see declaration of 'getch'
       Link:
         C:\Program Files (x86)\Microsoft Visual Studio 10.0\VC\bin\link.exe /ERRORREPORT:PROMPT /OUT:"E:\GOC HOC TAP\Cong Nghe Thong Tin\Ngon ngu lap trinh\C\tren truong\struct\Debug\struct.exe" /NOLOGO kernel32.lib user32.lib gdi32.lib winspool.lib comdlg32.lib advapi32.lib shell32.lib ole32.lib oleaut32.lib uuid.lib odbc32.lib odbccp32.lib /MANIFEST /ManifestFile:"Debug\struct.exe.intermediate.manifest" /MANIFESTUAC:"level='asInvoker' uiAccess='false'" /DEBUG /PDB:"E:\GOC HOC TAP\Cong Nghe Thong Tin\Ngon ngu lap trinh\C\tren truong\struct\Debug\struct.pdb" /TLBID:1 /DYNAMICBASE /NXCOMPAT /IMPLIB:"E:\GOC HOC TAP\Cong Nghe Thong Tin\Ngon ngu lap trinh\C\tren truong\struct\Debug\struct.lib" /MACHINE:X86 Debug\struct.obj
         LINK : E:\GOC HOC TAP\Cong Nghe Thong Tin\Ngon ngu lap trinh\C\tren truong\struct\Debug\struct.exe not found or not built by the last incremental link; performing full link
         struct.vcxproj -> E:\GOC HOC TAP\Cong Nghe Thong Tin\Ngon ngu lap trinh\C\tren truong\struct\Debug\struct.exe
       Manifest:
         C:\Program Files (x86)\Microsoft SDKs\Windows\v7.0A\bin\mt.exe /nologo /verbose /outputresource:"E:\GOC HOC TAP\Cong Nghe Thong Tin\Ngon ngu lap trinh\C\tren truong\struct\Debug\struct.exe;#1" /manifest Debug\struct.exe.intermediate.manifest
       FinalizeBuildStatus:
         Deleting file "Debug\struct.unsuccessfulbuild".
         Touching "Debug\struct.lastbuildstate".
     1>Done Building Project "E:\GOC HOC TAP\Cong Nghe Thong Tin\Ngon ngu lap trinh\C\tren truong\struct\struct\struct.vcxproj" (build target(s)).

Build succeeded.

Time Elapsed 00:00:01.37
