Build started 10/20/2017 7:13:30 PM.
     1>Project "E:\GOC HOC TAP\Cong Nghe Thong Tin\Ngon ngu lap trinh\C++\class\class\class.vcxproj" on node 2 (build target(s)).
     1>InitializeBuildStatus:
         Creating "Debug\class.unsuccessfulbuild" because "AlwaysCreate" was specified.
       ClCompile:
         C:\Program Files (x86)\Microsoft Visual Studio 10.0\VC\bin\CL.exe /c /ZI /nologo /W3 /WX- /Od /Oy- /D _MBCS /Gm /EHsc /RTC1 /MDd /GS /fp:precise /Zc:wchar_t /Zc:forScope /Fo"Debug\\" /Fd"Debug\vc100.pdb" /Gd /TP /analyze- /errorReport:prompt sv.cpp
         sv.cpp
     1>e:\goc hoc tap\cong nghe thong tin\ngon ngu lap trinh\c++\class\class\sv.cpp(10): warning C4996: '_itoa': This function or variable may be unsafe. Consider using _itoa_s instead. To disable deprecation, use _CRT_SECURE_NO_WARNINGS. See online help for details.
                 c:\program files (x86)\microsoft visual studio 10.0\vc\include\stdlib.h(451) : see declaration of '_itoa'
       Link:
         C:\Program Files (x86)\Microsoft Visual Studio 10.0\VC\bin\link.exe /ERRORREPORT:PROMPT /OUT:"E:\GOC HOC TAP\Cong Nghe Thong Tin\Ngon ngu lap trinh\C++\class\Debug\class.exe" /NOLOGO kernel32.lib user32.lib gdi32.lib winspool.lib comdlg32.lib advapi32.lib shell32.lib ole32.lib oleaut32.lib uuid.lib odbc32.lib odbccp32.lib /MANIFEST /ManifestFile:"Debug\class.exe.intermediate.manifest" /MANIFESTUAC:"level='asInvoker' uiAccess='false'" /DEBUG /PDB:"E:\GOC HOC TAP\Cong Nghe Thong Tin\Ngon ngu lap trinh\C++\class\Debug\class.pdb" /TLBID:1 /DYNAMICBASE /NXCOMPAT /IMPLIB:"E:\GOC HOC TAP\Cong Nghe Thong Tin\Ngon ngu lap trinh\C++\class\Debug\class.lib" /MACHINE:X86 Debug\SinhVien.obj
         Debug\sv.obj
         LINK : E:\GOC HOC TAP\Cong Nghe Thong Tin\Ngon ngu lap trinh\C++\class\Debug\class.exe not found or not built by the last incremental link; performing full link
         class.vcxproj -> E:\GOC HOC TAP\Cong Nghe Thong Tin\Ngon ngu lap trinh\C++\class\Debug\class.exe
       Manifest:
         C:\Program Files (x86)\Microsoft SDKs\Windows\v7.0A\bin\mt.exe /nologo /verbose /outputresource:"E:\GOC HOC TAP\Cong Nghe Thong Tin\Ngon ngu lap trinh\C++\class\Debug\class.exe;#1" /manifest Debug\class.exe.intermediate.manifest
       FinalizeBuildStatus:
         Deleting file "Debug\class.unsuccessfulbuild".
         Touching "Debug\class.lastbuildstate".
     1>Done Building Project "E:\GOC HOC TAP\Cong Nghe Thong Tin\Ngon ngu lap trinh\C++\class\class\class.vcxproj" (build target(s)).

Build succeeded.

Time Elapsed 00:00:04.77
