Build started 10/17/2017 7:34:11 AM.
     1>Project "E:\GOC HOC TAP\Cong Nghe Thong Tin\Ngon ngu lap trinh\C++\lap trinh c++\lap trinh c++\lap trinh c++.vcxproj" on node 2 (build target(s)).
     1>PrepareForBuild:
         Creating directory "E:\GOC HOC TAP\Cong Nghe Thong Tin\Ngon ngu lap trinh\C++\lap trinh c++\Debug\".
       InitializeBuildStatus:
         Creating "Debug\lap trinh c++.unsuccessfulbuild" because "AlwaysCreate" was specified.
       ClCompile:
         C:\Program Files (x86)\Microsoft Visual Studio 10.0\VC\bin\CL.exe /c /ZI /nologo /W3 /WX- /Od /Oy- /D _MBCS /Gm /EHsc /RTC1 /MDd /GS /fp:precise /Zc:wchar_t /Zc:forScope /Fo"Debug\\" /Fd"Debug\vc100.pdb" /Gd /TP /analyze- /errorReport:prompt c++1.cpp
         c++1.cpp
     1>e:\goc hoc tap\cong nghe thong tin\ngon ngu lap trinh\c++\lap trinh c++\lap trinh c++\c++1.cpp(15): error C2248: 'Lophoclaptrinh::name' : cannot access private member declared in class 'Lophoclaptrinh'
                 e:\goc hoc tap\cong nghe thong tin\ngon ngu lap trinh\c++\lap trinh c++\lap trinh c++\c++1.cpp(8) : see declaration of 'Lophoclaptrinh::name'
                 e:\goc hoc tap\cong nghe thong tin\ngon ngu lap trinh\c++\lap trinh c++\lap trinh c++\c++1.cpp(5) : see declaration of 'Lophoclaptrinh'
     1>e:\goc hoc tap\cong nghe thong tin\ngon ngu lap trinh\c++\lap trinh c++\lap trinh c++\c++1.cpp(15): error C2784: 'std::basic_ostream<_Elem,_Traits> &std::operator <<(std::basic_ostream<_Elem,_Traits> &,const std::basic_string<_Elem,_Traits,_Alloc> &)' : could not deduce template argument for 'std::basic_ostream<_Elem,_Traits> &' from 'std::string'
                 c:\program files (x86)\microsoft visual studio 10.0\vc\include\string(489) : see declaration of 'std::operator <<'
     1>e:\goc hoc tap\cong nghe thong tin\ngon ngu lap trinh\c++\lap trinh c++\lap trinh c++\c++1.cpp(15): error C2784: 'std::basic_ostream<_Elem,_Traits> &std::operator <<(std::basic_ostream<_Elem,_Traits> &,const std::basic_string<_Elem,_Traits,_Alloc> &)' : could not deduce template argument for 'std::basic_ostream<_Elem,_Traits> &' from 'std::string'
                 c:\program files (x86)\microsoft visual studio 10.0\vc\include\string(489) : see declaration of 'std::operator <<'
     1>e:\goc hoc tap\cong nghe thong tin\ngon ngu lap trinh\c++\lap trinh c++\lap trinh c++\c++1.cpp(15): error C2784: 'std::basic_ostream<_Elem,_Traits> &std::operator <<(std::basic_ostream<_Elem,_Traits> &,const std::basic_string<_Elem,_Traits,_Alloc> &)' : could not deduce template argument for 'std::basic_ostream<_Elem,_Traits> &' from 'std::string'
                 c:\program files (x86)\microsoft visual studio 10.0\vc\include\string(489) : see declaration of 'std::operator <<'
     1>e:\goc hoc tap\cong nghe thong tin\ngon ngu lap trinh\c++\lap trinh c++\lap trinh c++\c++1.cpp(15): error C2784: 'std::basic_ostream<_Elem,_Traits> &std::operator <<(std::basic_ostream<_Elem,_Traits> &,const std::error_code &)' : could not deduce template argument for 'std::basic_ostream<_Elem,_Traits> &' from 'std::string'
                 c:\program files (x86)\microsoft visual studio 10.0\vc\include\ostream(1085) : see declaration of 'std::operator <<'
     1>e:\goc hoc tap\cong nghe thong tin\ngon ngu lap trinh\c++\lap trinh c++\lap trinh c++\c++1.cpp(15): error C2784: 'std::basic_ostream<_Elem,_Traits> &std::operator <<(std::basic_ostream<_Elem,_Traits> &,const std::error_code &)' : could not deduce template argument for 'std::basic_ostream<_Elem,_Traits> &' from 'std::string'
                 c:\program files (x86)\microsoft visual studio 10.0\vc\include\ostream(1085) : see declaration of 'std::operator <<'
     1>e:\goc hoc tap\cong nghe thong tin\ngon ngu lap trinh\c++\lap trinh c++\lap trinh c++\c++1.cpp(15): error C2784: 'std::basic_ostream<_Elem,_Traits> &std::operator <<(std::basic_ostream<_Elem,_Traits> &,const std::error_code &)' : could not deduce template argument for 'std::basic_ostream<_Elem,_Traits> &' from 'std::string'
                 c:\program files (x86)\microsoft visual studio 10.0\vc\include\ostream(1085) : see declaration of 'std::operator <<'
     1>e:\goc hoc tap\cong nghe thong tin\ngon ngu lap trinh\c++\lap trinh c++\lap trinh c++\c++1.cpp(15): error C2784: 'std::basic_ostream<_Elem,_Traits> &std::operator <<(std::basic_ostream<_Elem,_Traits> &&,_Ty)' : could not deduce template argument for 'std::basic_ostream<_Elem,_Traits> &&' from 'std::string'
                 c:\program files (x86)\microsoft visual studio 10.0\vc\include\ostream(968) : see declaration of 'std::operator <<'
     1>e:\goc hoc tap\cong nghe thong tin\ngon ngu lap trinh\c++\lap trinh c++\lap trinh c++\c++1.cpp(15): error C2784: 'std::basic_ostream<_Elem,_Traits> &std::operator <<(std::basic_ostream<_Elem,_Traits> &&,_Ty)' : could not deduce template argument for 'std::basic_ostream<_Elem,_Traits> &&' from 'std::string'
                 c:\program files (x86)\microsoft visual studio 10.0\vc\include\ostream(968) : see declaration of 'std::operator <<'
     1>e:\goc hoc tap\cong nghe thong tin\ngon ngu lap trinh\c++\lap trinh c++\lap trinh c++\c++1.cpp(15): error C2784: 'std::basic_ostream<_Elem,_Traits> &std::operator <<(std::basic_ostream<_Elem,_Traits> &&,_Ty)' : could not deduce template argument for 'std::basic_ostream<_Elem,_Traits> &&' from 'std::string'
                 c:\program files (x86)\microsoft visual studio 10.0\vc\include\ostream(968) : see declaration of 'std::operator <<'
     1>e:\goc hoc tap\cong nghe thong tin\ngon ngu lap trinh\c++\lap trinh c++\lap trinh c++\c++1.cpp(15): error C2784: 'std::basic_ostream<char,_Traits> &std::operator <<(std::basic_ostream<char,_Traits> &,unsigned char)' : could not deduce template argument for 'std::basic_ostream<char,_Traits> &' from 'std::string'
                 c:\program files (x86)\microsoft visual studio 10.0\vc\include\ostream(958) : see declaration of 'std::operator <<'
     1>e:\goc hoc tap\cong nghe thong tin\ngon ngu lap trinh\c++\lap trinh c++\lap trinh c++\c++1.cpp(15): error C2784: 'std::basic_ostream<char,_Traits> &std::operator <<(std::basic_ostream<char,_Traits> &,unsigned char)' : could not deduce template argument for 'std::basic_ostream<char,_Traits> &' from 'std::string'
                 c:\program files (x86)\microsoft visual studio 10.0\vc\include\ostream(958) : see declaration of 'std::operator <<'
     1>e:\goc hoc tap\cong nghe thong tin\ngon ngu lap trinh\c++\lap trinh c++\lap trinh c++\c++1.cpp(15): error C2784: 'std::basic_ostream<char,_Traits> &std::operator <<(std::basic_ostream<char,_Traits> &,unsigned char)' : could not deduce template argument for 'std::basic_ostream<char,_Traits> &' from 'std::string'
                 c:\program files (x86)\microsoft visual studio 10.0\vc\include\ostream(958) : see declaration of 'std::operator <<'
     1>e:\goc hoc tap\cong nghe thong tin\ngon ngu lap trinh\c++\lap trinh c++\lap trinh c++\c++1.cpp(15): error C2784: 'std::basic_ostream<char,_Traits> &std::operator <<(std::basic_ostream<char,_Traits> &,const unsigned char *)' : could not deduce template argument for 'std::basic_ostream<char,_Traits> &' from 'std::string'
                 c:\program files (x86)\microsoft visual studio 10.0\vc\include\ostream(951) : see declaration of 'std::operator <<'
     1>e:\goc hoc tap\cong nghe thong tin\ngon ngu lap trinh\c++\lap trinh c++\lap trinh c++\c++1.cpp(15): error C2784: 'std::basic_ostream<char,_Traits> &std::operator <<(std::basic_ostream<char,_Traits> &,const unsigned char *)' : could not deduce template argument for 'std::basic_ostream<char,_Traits> &' from 'std::string'
                 c:\program files (x86)\microsoft visual studio 10.0\vc\include\ostream(951) : see declaration of 'std::operator <<'
     1>e:\goc hoc tap\cong nghe thong tin\ngon ngu lap trinh\c++\lap trinh c++\lap trinh c++\c++1.cpp(15): error C2784: 'std::basic_ostream<char,_Traits> &std::operator <<(std::basic_ostream<char,_Traits> &,const unsigned char *)' : could not deduce template argument for 'std::basic_ostream<char,_Traits> &' from 'std::string'
                 c:\program files (x86)\microsoft visual studio 10.0\vc\include\ostream(951) : see declaration of 'std::operator <<'
     1>e:\goc hoc tap\cong nghe thong tin\ngon ngu lap trinh\c++\lap trinh c++\lap trinh c++\c++1.cpp(15): error C2784: 'std::basic_ostream<char,_Traits> &std::operator <<(std::basic_ostream<char,_Traits> &,signed char)' : could not deduce template argument for 'std::basic_ostream<char,_Traits> &' from 'std::string'
                 c:\program files (x86)\microsoft visual studio 10.0\vc\include\ostream(944) : see declaration of 'std::operator <<'
     1>e:\goc hoc tap\cong nghe thong tin\ngon ngu lap trinh\c++\lap trinh c++\lap trinh c++\c++1.cpp(15): error C2784: 'std::basic_ostream<char,_Traits> &std::operator <<(std::basic_ostream<char,_Traits> &,signed char)' : could not deduce template argument for 'std::basic_ostream<char,_Traits> &' from 'std::string'
                 c:\program files (x86)\microsoft visual studio 10.0\vc\include\ostream(944) : see declaration of 'std::operator <<'
     1>e:\goc hoc tap\cong nghe thong tin\ngon ngu lap trinh\c++\lap trinh c++\lap trinh c++\c++1.cpp(15): error C2784: 'std::basic_ostream<char,_Traits> &std::operator <<(std::basic_ostream<char,_Traits> &,signed char)' : could not deduce template argument for 'std::basic_ostream<char,_Traits> &' from 'std::string'
                 c:\program files (x86)\microsoft visual studio 10.0\vc\include\ostream(944) : see declaration of 'std::operator <<'
     1>e:\goc hoc tap\cong nghe thong tin\ngon ngu lap trinh\c++\lap trinh c++\lap trinh c++\c++1.cpp(15): error C2784: 'std::basic_ostream<char,_Traits> &std::operator <<(std::basic_ostream<char,_Traits> &,const signed char *)' : could not deduce template argument for 'std::basic_ostream<char,_Traits> &' from 'std::string'
                 c:\program files (x86)\microsoft visual studio 10.0\vc\include\ostream(937) : see declaration of 'std::operator <<'
     1>e:\goc hoc tap\cong nghe thong tin\ngon ngu lap trinh\c++\lap trinh c++\lap trinh c++\c++1.cpp(15): error C2784: 'std::basic_ostream<char,_Traits> &std::operator <<(std::basic_ostream<char,_Traits> &,const signed char *)' : could not deduce template argument for 'std::basic_ostream<char,_Traits> &' from 'std::string'
                 c:\program files (x86)\microsoft visual studio 10.0\vc\include\ostream(937) : see declaration of 'std::operator <<'
     1>e:\goc hoc tap\cong nghe thong tin\ngon ngu lap trinh\c++\lap trinh c++\lap trinh c++\c++1.cpp(15): error C2784: 'std::basic_ostream<char,_Traits> &std::operator <<(std::basic_ostream<char,_Traits> &,const signed char *)' : could not deduce template argument for 'std::basic_ostream<char,_Traits> &' from 'std::string'
                 c:\program files (x86)\microsoft visual studio 10.0\vc\include\ostream(937) : see declaration of 'std::operator <<'
     1>e:\goc hoc tap\cong nghe thong tin\ngon ngu lap trinh\c++\lap trinh c++\lap trinh c++\c++1.cpp(15): error C2784: 'std::basic_ostream<_Elem,_Traits> &std::operator <<(std::basic_ostream<_Elem,_Traits> &,_Elem)' : could not deduce template argument for 'std::basic_ostream<_Elem,_Traits> &' from 'std::string'
                 c:\program files (x86)\microsoft visual studio 10.0\vc\include\ostream(898) : see declaration of 'std::operator <<'
     1>e:\goc hoc tap\cong nghe thong tin\ngon ngu lap trinh\c++\lap trinh c++\lap trinh c++\c++1.cpp(15): error C2784: 'std::basic_ostream<_Elem,_Traits> &std::operator <<(std::basic_ostream<_Elem,_Traits> &,_Elem)' : could not deduce template argument for 'std::basic_ostream<_Elem,_Traits> &' from 'std::string'
                 c:\program files (x86)\microsoft visual studio 10.0\vc\include\ostream(898) : see declaration of 'std::operator <<'
     1>e:\goc hoc tap\cong nghe thong tin\ngon ngu lap trinh\c++\lap trinh c++\lap trinh c++\c++1.cpp(15): error C2784: 'std::basic_ostream<_Elem,_Traits> &std::operator <<(std::basic_ostream<_Elem,_Traits> &,_Elem)' : could not deduce template argument for 'std::basic_ostream<_Elem,_Traits> &' from 'std::string'
                 c:\program files (x86)\microsoft visual studio 10.0\vc\include\ostream(898) : see declaration of 'std::operator <<'
     1>e:\goc hoc tap\cong nghe thong tin\ngon ngu lap trinh\c++\lap trinh c++\lap trinh c++\c++1.cpp(15): error C2784: 'std::basic_ostream<_Elem,_Traits> &std::operator <<(std::basic_ostream<_Elem,_Traits> &,const _Elem *)' : could not deduce template argument for 'std::basic_ostream<_Elem,_Traits> &' from 'std::string'
                 c:\program files (x86)\microsoft visual studio 10.0\vc\include\ostream(851) : see declaration of 'std::operator <<'
     1>e:\goc hoc tap\cong nghe thong tin\ngon ngu lap trinh\c++\lap trinh c++\lap trinh c++\c++1.cpp(15): error C2784: 'std::basic_ostream<_Elem,_Traits> &std::operator <<(std::basic_ostream<_Elem,_Traits> &,const _Elem *)' : could not deduce template argument for 'std::basic_ostream<_Elem,_Traits> &' from 'std::string'
                 c:\program files (x86)\microsoft visual studio 10.0\vc\include\ostream(851) : see declaration of 'std::operator <<'
     1>e:\goc hoc tap\cong nghe thong tin\ngon ngu lap trinh\c++\lap trinh c++\lap trinh c++\c++1.cpp(15): error C2784: 'std::basic_ostream<_Elem,_Traits> &std::operator <<(std::basic_ostream<_Elem,_Traits> &,const _Elem *)' : could not deduce template argument for 'std::basic_ostream<_Elem,_Traits> &' from 'std::string'
                 c:\program files (x86)\microsoft visual studio 10.0\vc\include\ostream(851) : see declaration of 'std::operator <<'
     1>e:\goc hoc tap\cong nghe thong tin\ngon ngu lap trinh\c++\lap trinh c++\lap trinh c++\c++1.cpp(15): error C2784: 'std::basic_ostream<char,_Traits> &std::operator <<(std::basic_ostream<char,_Traits> &,char)' : could not deduce template argument for 'std::basic_ostream<char,_Traits> &' from 'std::string'
                 c:\program files (x86)\microsoft visual studio 10.0\vc\include\ostream(811) : see declaration of 'std::operator <<'
     1>e:\goc hoc tap\cong nghe thong tin\ngon ngu lap trinh\c++\lap trinh c++\lap trinh c++\c++1.cpp(15): error C2784: 'std::basic_ostream<char,_Traits> &std::operator <<(std::basic_ostream<char,_Traits> &,char)' : could not deduce template argument for 'std::basic_ostream<char,_Traits> &' from 'std::string'
                 c:\program files (x86)\microsoft visual studio 10.0\vc\include\ostream(811) : see declaration of 'std::operator <<'
     1>e:\goc hoc tap\cong nghe thong tin\ngon ngu lap trinh\c++\lap trinh c++\lap trinh c++\c++1.cpp(15): error C2784: 'std::basic_ostream<char,_Traits> &std::operator <<(std::basic_ostream<char,_Traits> &,char)' : could not deduce template argument for 'std::basic_ostream<char,_Traits> &' from 'std::string'
                 c:\program files (x86)\microsoft visual studio 10.0\vc\include\ostream(811) : see declaration of 'std::operator <<'
     1>e:\goc hoc tap\cong nghe thong tin\ngon ngu lap trinh\c++\lap trinh c++\lap trinh c++\c++1.cpp(15): error C2784: 'std::basic_ostream<char,_Traits> &std::operator <<(std::basic_ostream<char,_Traits> &,const char *)' : could not deduce template argument for 'std::basic_ostream<char,_Traits> &' from 'std::string'
                 c:\program files (x86)\microsoft visual studio 10.0\vc\include\ostream(764) : see declaration of 'std::operator <<'
     1>e:\goc hoc tap\cong nghe thong tin\ngon ngu lap trinh\c++\lap trinh c++\lap trinh c++\c++1.cpp(15): error C2784: 'std::basic_ostream<char,_Traits> &std::operator <<(std::basic_ostream<char,_Traits> &,const char *)' : could not deduce template argument for 'std::basic_ostream<char,_Traits> &' from 'std::string'
                 c:\program files (x86)\microsoft visual studio 10.0\vc\include\ostream(764) : see declaration of 'std::operator <<'
     1>e:\goc hoc tap\cong nghe thong tin\ngon ngu lap trinh\c++\lap trinh c++\lap trinh c++\c++1.cpp(15): error C2784: 'std::basic_ostream<char,_Traits> &std::operator <<(std::basic_ostream<char,_Traits> &,const char *)' : could not deduce template argument for 'std::basic_ostream<char,_Traits> &' from 'std::string'
                 c:\program files (x86)\microsoft visual studio 10.0\vc\include\ostream(764) : see declaration of 'std::operator <<'
     1>e:\goc hoc tap\cong nghe thong tin\ngon ngu lap trinh\c++\lap trinh c++\lap trinh c++\c++1.cpp(15): error C2784: 'std::basic_ostream<_Elem,_Traits> &std::operator <<(std::basic_ostream<_Elem,_Traits> &,char)' : could not deduce template argument for 'std::basic_ostream<_Elem,_Traits> &' from 'std::string'
                 c:\program files (x86)\microsoft visual studio 10.0\vc\include\ostream(726) : see declaration of 'std::operator <<'
     1>e:\goc hoc tap\cong nghe thong tin\ngon ngu lap trinh\c++\lap trinh c++\lap trinh c++\c++1.cpp(15): error C2784: 'std::basic_ostream<_Elem,_Traits> &std::operator <<(std::basic_ostream<_Elem,_Traits> &,char)' : could not deduce template argument for 'std::basic_ostream<_Elem,_Traits> &' from 'std::string'
                 c:\program files (x86)\microsoft visual studio 10.0\vc\include\ostream(726) : see declaration of 'std::operator <<'
     1>e:\goc hoc tap\cong nghe thong tin\ngon ngu lap trinh\c++\lap trinh c++\lap trinh c++\c++1.cpp(15): error C2784: 'std::basic_ostream<_Elem,_Traits> &std::operator <<(std::basic_ostream<_Elem,_Traits> &,char)' : could not deduce template argument for 'std::basic_ostream<_Elem,_Traits> &' from 'std::string'
                 c:\program files (x86)\microsoft visual studio 10.0\vc\include\ostream(726) : see declaration of 'std::operator <<'
     1>e:\goc hoc tap\cong nghe thong tin\ngon ngu lap trinh\c++\lap trinh c++\lap trinh c++\c++1.cpp(15): error C2784: 'std::basic_ostream<_Elem,_Traits> &std::operator <<(std::basic_ostream<_Elem,_Traits> &,const char *)' : could not deduce template argument for 'std::basic_ostream<_Elem,_Traits> &' from 'std::string'
                 c:\program files (x86)\microsoft visual studio 10.0\vc\include\ostream(679) : see declaration of 'std::operator <<'
     1>e:\goc hoc tap\cong nghe thong tin\ngon ngu lap trinh\c++\lap trinh c++\lap trinh c++\c++1.cpp(15): error C2784: 'std::basic_ostream<_Elem,_Traits> &std::operator <<(std::basic_ostream<_Elem,_Traits> &,const char *)' : could not deduce template argument for 'std::basic_ostream<_Elem,_Traits> &' from 'std::string'
                 c:\program files (x86)\microsoft visual studio 10.0\vc\include\ostream(679) : see declaration of 'std::operator <<'
     1>e:\goc hoc tap\cong nghe thong tin\ngon ngu lap trinh\c++\lap trinh c++\lap trinh c++\c++1.cpp(15): error C2784: 'std::basic_ostream<_Elem,_Traits> &std::operator <<(std::basic_ostream<_Elem,_Traits> &,const char *)' : could not deduce template argument for 'std::basic_ostream<_Elem,_Traits> &' from 'std::string'
                 c:\program files (x86)\microsoft visual studio 10.0\vc\include\ostream(679) : see declaration of 'std::operator <<'
     1>e:\goc hoc tap\cong nghe thong tin\ngon ngu lap trinh\c++\lap trinh c++\lap trinh c++\c++1.cpp(15): error C2676: binary '<<' : 'std::string' does not define this operator or a conversion to a type acceptable to the predefined operator
     1>Done Building Project "E:\GOC HOC TAP\Cong Nghe Thong Tin\Ngon ngu lap trinh\C++\lap trinh c++\lap trinh c++\lap trinh c++.vcxproj" (build target(s)) -- FAILED.

Build FAILED.

Time Elapsed 00:00:01.24
